<?xml version="1.0" encoding="UTF-8"?>
<coverage generated="1758536705454" clover="3.2.0">
  <project timestamp="1758536705454" name="All files">
    <metrics statements="18" coveredstatements="18" conditionals="0" coveredconditionals="0" methods="7" coveredmethods="7" elements="25" coveredelements="25" complexity="0" loc="18" ncloc="18" packages="1" files="1" classes="1"/>
    <file name="constructorSlice.ts" path="C:\Users\a1369\Desktop\stellar-burgers\src\services\slices\constructorSlice.ts">
      <metrics statements="18" coveredstatements="18" conditionals="0" coveredconditionals="0" methods="7" coveredmethods="7"/>
      <line num="2" count="1" type="stmt"/>
      <line num="4" count="1" type="stmt"/>
      <line num="11" count="1" type="stmt"/>
      <line num="16" count="1" type="stmt"/>
      <line num="21" count="2" type="stmt"/>
      <line num="25" count="5" type="stmt"/>
      <line num="28" count="5" type="stmt"/>
      <line num="29" count="5" type="stmt"/>
      <line num="33" count="1" type="stmt"/>
      <line num="34" count="1" type="stmt"/>
      <line num="41" count="1" type="stmt"/>
      <line num="42" count="1" type="stmt"/>
      <line num="43" count="1" type="stmt"/>
      <line num="44" count="1" type="stmt"/>
      <line num="47" count="1" type="stmt"/>
      <line num="48" count="1" type="stmt"/>
      <line num="54" count="1" type="stmt"/>
      <line num="60" count="1" type="stmt"/>
    </file>
  </project>
</coverage>
