{"C:\\Users\\a1369\\Desktop\\stellar-burgers\\src\\services\\slices\\constructorSlice.ts": {"path":"C:\\Users\\a1369\\Desktop\\stellar-burgers\\src\\services\\slices\\constructorSlice.ts","statementMap":{"0":{"start":{"line":2,"column":0},"end":{"line":2,"column":62}},"1":{"start":{"line":4,"column":0},"end":{"line":4,"column":36}},"2":{"start":{"line":11,"column":40},"end":{"line":14,"column":2}},"3":{"start":{"line":16,"column":25},"end":{"line":51,"column":2}},"4":{"start":{"line":21,"column":6},"end":{"line":21,"column":33}},"5":{"start":{"line":25,"column":8},"end":{"line":25,"column":47}},"6":{"start":{"line":28,"column":19},"end":{"line":28,"column":27}},"7":{"start":{"line":29,"column":8},"end":{"line":29,"column":50}},"8":{"start":{"line":33,"column":6},"end":{"line":35,"column":8}},"9":{"start":{"line":34,"column":18},"end":{"line":34,"column":null}},"10":{"start":{"line":41,"column":37},"end":{"line":41,"column":51}},"11":{"start":{"line":41,"column":23},"end":{"line":41,"column":25}},"12":{"start":{"line":41,"column":32},"end":{"line":41,"column":37}},"13":{"start":{"line":42,"column":19},"end":{"line":42,"column":47}},"14":{"start":{"line":43,"column":6},"end":{"line":43,"column":45}},"15":{"start":{"line":44,"column":6},"end":{"line":44,"column":49}},"16":{"start":{"line":47,"column":6},"end":{"line":47,"column":23}},"17":{"start":{"line":48,"column":6},"end":{"line":48,"column":29}},"18":{"start":{"line":54,"column":2},"end":{"line":58,"column":null}},"19":{"start":{"line":60,"column":13},"end":{"line":60,"column":59}}},"fnMap":{"0":{"name":"(anonymous_2)","decl":{"start":{"line":20,"column":12},"end":{"line":20,"column":13}},"loc":{"start":{"line":20,"column":54},"end":{"line":22,"column":5}}},"1":{"name":"(anonymous_3)","decl":{"start":{"line":24,"column":15},"end":{"line":24,"column":16}},"loc":{"start":{"line":24,"column":68},"end":{"line":26,"column":7}}},"2":{"name":"(anonymous_4)","decl":{"start":{"line":27,"column":15},"end":{"line":27,"column":16}},"loc":{"start":{"line":27,"column":39},"end":{"line":30,"column":7}}},"3":{"name":"(anonymous_5)","decl":{"start":{"line":32,"column":22},"end":{"line":32,"column":23}},"loc":{"start":{"line":32,"column":59},"end":{"line":36,"column":5}}},"4":{"name":"(anonymous_6)","decl":{"start":{"line":34,"column":8},"end":{"line":34,"column":9}},"loc":{"start":{"line":34,"column":13},"end":{"line":34,"column":22}}},"5":{"name":"(anonymous_7)","decl":{"start":{"line":37,"column":20},"end":{"line":37,"column":null}},"loc":{"start":{"line":39,"column":67},"end":{"line":45,"column":5}}},"6":{"name":"(anonymous_8)","decl":{"start":{"line":46,"column":22},"end":{"line":46,"column":23}},"loc":{"start":{"line":46,"column":28},"end":{"line":49,"column":5}}}},"branchMap":{},"s":{"0":1,"1":1,"2":1,"3":1,"4":2,"5":5,"6":5,"7":5,"8":1,"9":1,"10":1,"11":1,"12":1,"13":1,"14":1,"15":1,"16":1,"17":1,"18":1,"19":1},"f":{"0":2,"1":5,"2":5,"3":1,"4":1,"5":1,"6":1},"b":{}}
}
