TN:
SF:src\services\reducers.ts
FNF:0
FNH:0
DA:2,1
DA:3,1
DA:4,1
DA:5,1
DA:6,1
DA:7,1
DA:8,1
DA:10,1
LF:8
LH:8
BRF:0
BRH:0
end_of_record
TN:
SF:src\services\slices\authSlice.ts
FN:17,(anonymous_13)
FN:17,(anonymous_14)
FN:27,(anonymous_16)
FN:27,(anonymous_17)
FN:35,(anonymous_19)
FN:41,(anonymous_22)
FN:48,(anonymous_25)
FN:48,(anonymous_26)
FN:72,(anonymous_28)
FN:75,(anonymous_29)
FN:79,(anonymous_30)
FN:81,(anonymous_31)
FN:85,(anonymous_32)
FN:90,(anonymous_33)
FN:95,(anonymous_34)
FN:99,(anonymous_35)
FN:104,(anonymous_36)
FN:109,(anonymous_37)
FN:113,(anonymous_38)
FN:117,(anonymous_39)
FN:120,(anonymous_40)
FN:123,(anonymous_41)
FNF:22
FNH:7
FNDA:0,(anonymous_13)
FNDA:0,(anonymous_14)
FNDA:0,(anonymous_16)
FNDA:0,(anonymous_17)
FNDA:0,(anonymous_19)
FNDA:0,(anonymous_22)
FNDA:0,(anonymous_25)
FNDA:0,(anonymous_26)
FNDA:0,(anonymous_28)
FNDA:0,(anonymous_29)
FNDA:2,(anonymous_30)
FNDA:1,(anonymous_31)
FNDA:0,(anonymous_32)
FNDA:0,(anonymous_33)
FNDA:1,(anonymous_34)
FNDA:1,(anonymous_35)
FNDA:1,(anonymous_36)
FNDA:0,(anonymous_37)
FNDA:1,(anonymous_38)
FNDA:1,(anonymous_39)
FNDA:0,(anonymous_40)
FNDA:0,(anonymous_41)
DA:2,2
DA:3,2
DA:12,2
DA:15,2
DA:17,0
DA:18,0
DA:19,0
DA:20,0
DA:21,0
DA:25,2
DA:27,0
DA:28,0
DA:29,0
DA:30,0
DA:31,0
DA:35,2
DA:36,0
DA:37,0
DA:38,0
DA:41,2
DA:42,0
DA:43,0
DA:46,2
DA:48,0
DA:49,0
DA:50,0
DA:61,2
DA:68,2
DA:73,0
DA:76,0
DA:80,2
DA:82,1
DA:83,1
DA:86,0
DA:87,0
DA:88,0
DA:91,0
DA:92,0
DA:93,0
DA:96,1
DA:97,1
DA:100,1
DA:101,1
DA:102,1
DA:105,1
DA:106,1
DA:107,1
DA:110,0
DA:111,0
DA:114,1
DA:115,1
DA:118,1
DA:121,0
DA:124,0
DA:129,2
DA:130,2
LF:56
LH:26
BRDA:18,0,0,0
BRDA:28,1,0,0
BRDA:36,2,0,0
BRDA:42,3,0,0
BRDA:49,4,0,0
BRDA:92,5,0,0
BRDA:92,5,1,0
BRDA:106,6,0,1
BRDA:106,6,1,0
BRDA:124,7,0,0
BRDA:124,7,1,0
BRF:11
BRH:1
end_of_record
TN:
SF:src\services\slices\constructorSlice.ts
FN:20,(anonymous_2)
FN:24,(anonymous_3)
FN:27,(anonymous_4)
FN:32,(anonymous_5)
FN:34,(anonymous_6)
FN:37,(anonymous_7)
FN:46,(anonymous_8)
FNF:7
FNH:7
FNDA:2,(anonymous_2)
FNDA:5,(anonymous_3)
FNDA:5,(anonymous_4)
FNDA:1,(anonymous_5)
FNDA:1,(anonymous_6)
FNDA:1,(anonymous_7)
FNDA:1,(anonymous_8)
DA:2,2
DA:4,2
DA:11,2
DA:16,2
DA:21,2
DA:25,5
DA:28,5
DA:29,5
DA:33,1
DA:34,1
DA:41,1
DA:42,1
DA:43,1
DA:44,1
DA:47,1
DA:48,1
DA:54,2
DA:60,2
LF:18
LH:18
BRF:0
BRH:0
end_of_record
TN:
SF:src\services\slices\feedSlice.ts
FN:6,(anonymous_13)
FN:31,(anonymous_16)
FN:33,(anonymous_17)
FN:37,(anonymous_18)
FN:43,(anonymous_19)
FNF:5
FNH:4
FNDA:0,(anonymous_13)
FNDA:2,(anonymous_16)
FNDA:1,(anonymous_17)
FNDA:1,(anonymous_18)
FNDA:1,(anonymous_19)
DA:2,2
DA:3,2
DA:6,2
DA:7,0
DA:8,0
DA:19,2
DA:27,2
DA:32,2
DA:34,1
DA:35,1
DA:38,1
DA:39,1
DA:40,1
DA:41,1
DA:44,1
DA:45,1
DA:50,2
LF:17
LH:15
BRDA:7,0,0,0
BRDA:45,1,0,1
BRDA:45,1,1,0
BRF:3
BRH:1
end_of_record
TN:
SF:src\services\slices\ingredientsSlice.ts
FN:8,(anonymous_13)
FN:30,(anonymous_16)
FN:32,(anonymous_17)
FN:36,(anonymous_18)
FN:40,(anonymous_19)
FNF:5
FNH:4
FNDA:0,(anonymous_13)
FNDA:2,(anonymous_16)
FNDA:1,(anonymous_17)
FNDA:1,(anonymous_18)
FNDA:1,(anonymous_19)
DA:2,2
DA:3,2
DA:6,2
DA:8,0
DA:9,0
DA:10,0
DA:20,2
DA:26,2
DA:31,2
DA:33,1
DA:34,1
DA:37,1
DA:38,1
DA:41,1
DA:42,1
DA:47,2
LF:16
LH:13
BRDA:9,0,0,0
BRDA:42,1,0,1
BRDA:42,1,1,0
BRF:3
BRH:1
end_of_record
TN:
SF:src\services\slices\orderSlice.ts
FN:8,(anonymous_13)
FN:8,(anonymous_14)
FN:30,(anonymous_16)
FN:35,(anonymous_17)
FN:37,(anonymous_18)
FN:41,(anonymous_19)
FN:45,(anonymous_20)
FNF:7
FNH:4
FNDA:0,(anonymous_13)
FNDA:0,(anonymous_14)
FNDA:0,(anonymous_16)
FNDA:2,(anonymous_17)
FNDA:1,(anonymous_18)
FNDA:1,(anonymous_19)
FNDA:1,(anonymous_20)
DA:2,2
DA:3,2
DA:6,2
DA:8,0
DA:9,0
DA:10,0
DA:20,2
DA:26,2
DA:31,0
DA:32,0
DA:36,2
DA:38,1
DA:39,1
DA:42,1
DA:43,1
DA:46,1
DA:47,1
DA:52,2
DA:53,2
LF:19
LH:14
BRDA:9,0,0,0
BRDA:47,1,0,1
BRDA:47,1,1,0
BRF:3
BRH:1
end_of_record
TN:
SF:src\services\slices\userOrdersSlice.ts
FN:8,(anonymous_13)
FN:34,(anonymous_16)
FN:36,(anonymous_17)
FN:40,(anonymous_18)
FN:44,(anonymous_19)
FNF:5
FNH:4
FNDA:0,(anonymous_13)
FNDA:2,(anonymous_16)
FNDA:1,(anonymous_17)
FNDA:1,(anonymous_18)
FNDA:1,(anonymous_19)
DA:2,2
DA:3,2
DA:6,2
DA:8,0
DA:10,0
DA:11,0
DA:13,0
DA:24,2
DA:30,2
DA:35,2
DA:37,1
DA:38,1
DA:41,1
DA:42,1
DA:45,1
DA:46,1
DA:51,2
LF:17
LH:13
BRDA:46,0,0,1
BRDA:46,0,1,0
BRF:2
BRH:1
end_of_record
TN:
SF:src\utils\cookie.ts
FN:2,getCookie
FN:14,setCookie
FN:46,deleteCookie
FNF:3
FNH:0
FNDA:0,getCookie
FNDA:0,setCookie
FNDA:0,deleteCookie
DA:2,2
DA:3,0
DA:11,0
DA:14,2
DA:17,0
DA:19,0
DA:24,0
DA:25,0
DA:26,0
DA:27,0
DA:28,0
DA:31,0
DA:32,0
DA:34,0
DA:35,0
DA:36,0
DA:37,0
DA:38,0
DA:39,0
DA:40,0
DA:43,0
DA:46,2
DA:47,0
LF:23
LH:3
BRDA:11,0,0,0
BRDA:11,0,1,0
BRDA:17,1,0,0
BRDA:25,2,0,0
BRDA:25,3,0,0
BRDA:25,3,1,0
BRDA:31,4,0,0
BRDA:31,5,0,0
BRDA:31,5,1,0
BRDA:39,6,0,0
BRF:10
BRH:0
end_of_record
