TN:
SF:src\services\slices\constructorSlice.ts
FN:19,(anonymous_2)
FN:23,(anonymous_3)
FN:26,(anonymous_4)
FN:31,(anonymous_5)
FN:33,(anonymous_6)
FN:36,(anonymous_7)
FN:45,(anonymous_8)
FNF:7
FNH:7
FNDA:2,(anonymous_2)
FNDA:5,(anonymous_3)
FNDA:5,(anonymous_4)
FNDA:1,(anonymous_5)
FNDA:1,(anonymous_6)
FNDA:1,(anonymous_7)
FNDA:1,(anonymous_8)
DA:1,1
DA:3,1
DA:10,1
DA:15,1
DA:20,2
DA:24,5
DA:27,5
DA:28,5
DA:32,1
DA:33,1
DA:40,1
DA:41,1
DA:42,1
DA:43,1
DA:46,1
DA:47,1
DA:53,1
DA:59,1
LF:18
LH:18
BRF:0
BRH:0
end_of_record
